<?xml version="1.0" encoding="UTF-8"?>
<!-- Generated by org.testng.reporters.JUnitXMLReporter -->
<testsuite ignored="14" hostname="LAPTOP-U1LT3LU3" failures="0" tests="3" name="Regression" time="4.347" errors="0" timestamp="2024-07-20T18:16:56 CEST">
  <testcase classname="com.mystore.testcases.EndToEndTest" name="@BeforeMethod setup" time="1.876">
    <failure type="java.lang.AssertionError" message="Setup failed: Failed to launch application: null">
      <![CDATA[java.lang.AssertionError: Setup failed: Failed to launch application: null
at com.mystore.testcases.EndToEndTest.setup(EndToEndTest.java:50)
at java.base/java.util.ArrayList.forEach(ArrayList.java:1541)
... Removed 32 stack frames]]>
    </failure>
  </testcase> <!-- @BeforeMethod setup -->
  <testcase classname="com.mystore.testcases.EndToEndTest" name="@AfterMethod tearDown" time="-1.721492214386E9">
    <skipped/>
  </testcase> <!-- @AfterMethod tearDown -->
  <testcase classname="com.mystore.testcases.OrderPageTest" name="@BeforeMethod setup" time="1.056">
    <failure type="java.lang.AssertionError" message="Setup failed: Failed to launch application: null">
      <![CDATA[java.lang.AssertionError: Setup failed: Failed to launch application: null
at com.mystore.testcases.OrderPageTest.setup(OrderPageTest.java:37)
at java.base/java.util.ArrayList.forEach(ArrayList.java:1541)
... Removed 32 stack frames]]>
    </failure>
  </testcase> <!-- @BeforeMethod setup -->
  <testcase classname="com.mystore.testcases.OrderPageTest" name="@AfterMethod tearDown" time="-1.721492215451E9">
    <skipped/>
  </testcase> <!-- @AfterMethod tearDown -->
  <testcase classname="com.mystore.testcases.AddToCartPageTest" name="@BeforeMethod setup" time="1.351">
    <failure type="java.lang.AssertionError" message="Setup failed: Failed to launch application: null">
      <![CDATA[java.lang.AssertionError: Setup failed: Failed to launch application: null
at com.mystore.testcases.AddToCartPageTest.setup(AddToCartPageTest.java:35)
at java.base/java.util.ArrayList.forEach(ArrayList.java:1541)
... Removed 32 stack frames]]>
    </failure>
  </testcase> <!-- @BeforeMethod setup -->
  <testcase classname="com.mystore.testcases.AddToCartPageTest" name="@AfterMethod tearDown" time="-1.721492216813E9">
    <skipped/>
  </testcase> <!-- @AfterMethod tearDown -->
  <testcase classname="com.mystore.testcases.EndToEndTest" name="verifyTotalPrice" time="0.0">
    <skipped/>
  </testcase> <!-- verifyTotalPrice -->
  <testcase classname="com.mystore.testcases.OrderPageTest" name="verifyTotalPrice" time="0.0">
    <skipped/>
  </testcase> <!-- verifyTotalPrice -->
  <testcase classname="com.mystore.testcases.AddToCartPageTest" name="addToCartTest" time="0.0">
    <skipped/>
  </testcase> <!-- addToCartTest -->
  <testcase classname="com.mystore.testcases.LoginPageTest" name="loginTest" time="0.0">
    <ignored/>
  </testcase> <!-- loginTest -->
  <testcase classname="com.mystore.testcases.IndexPageTest" name="verifyLogo" time="0.0">
    <ignored/>
  </testcase> <!-- verifyLogo -->
  <testcase classname="com.mystore.base.BaseClass" name="@BeforeSuite beforeSuite" time="0.0">
    <ignored/>
  </testcase> <!-- @BeforeSuite beforeSuite -->
  <testcase classname="com.mystore.base.BaseClass" name="@BeforeSuite beforeSuite" time="0.0">
    <ignored/>
  </testcase> <!-- @BeforeSuite beforeSuite -->
  <testcase classname="com.mystore.base.BaseClass" name="@BeforeSuite beforeSuite" time="0.0">
    <ignored/>
  </testcase> <!-- @BeforeSuite beforeSuite -->
  <testcase classname="com.mystore.base.BaseClass" name="@BeforeSuite beforeSuite" time="0.0">
    <ignored/>
  </testcase> <!-- @BeforeSuite beforeSuite -->
  <testcase classname="com.mystore.base.BaseClass" name="@BeforeSuite beforeSuite" time="0.0">
    <ignored/>
  </testcase> <!-- @BeforeSuite beforeSuite -->
  <testcase classname="com.mystore.base.BaseClass" name="@BeforeSuite beforeSuite" time="0.0">
    <ignored/>
  </testcase> <!-- @BeforeSuite beforeSuite -->
  <testcase classname="com.mystore.base.BaseClass" name="@BeforeSuite beforeSuite" time="0.0">
    <ignored/>
  </testcase> <!-- @BeforeSuite beforeSuite -->
  <testcase classname="com.mystore.testcases.IndexPageTest" name="verifyTitle" time="0.0">
    <ignored/>
  </testcase> <!-- verifyTitle -->
  <testcase classname="com.mystore.testcases.SearchResultPageTest" name="productAvailabilityTest" time="0.0">
    <ignored/>
  </testcase> <!-- productAvailabilityTest -->
  <testcase classname="com.mystore.testcases.HomePageTest" name="orderHistoryandDetailsTest" time="0.0">
    <ignored/>
  </testcase> <!-- orderHistoryandDetailsTest -->
  <testcase classname="com.mystore.testcases.HomePageTest" name="wishListTest" time="0.0">
    <ignored/>
  </testcase> <!-- wishListTest -->
  <testcase classname="com.mystore.testcases.AccountCreationPageTest" name="verifyCreateAccountpageTest" time="0.0">
    <ignored/>
  </testcase> <!-- verifyCreateAccountpageTest -->
</testsuite> <!-- Regression -->
